{"/home/gaurav/Documents/Practice/fs/notes/frontend/src/App.js": {"path":"/home/gaurav/Documents/Practice/fs/notes/frontend/src/App.js","statementMap":{"0":{"start":{"line":11,"column":12},"end":{"line":153,"column":1}},"1":{"start":{"line":12,"column":28},"end":{"line":12,"column":40}},"2":{"start":{"line":14,"column":32},"end":{"line":14,"column":46}},"3":{"start":{"line":15,"column":42},"end":{"line":15,"column":56}},"4":{"start":{"line":16,"column":34},"end":{"line":16,"column":46}},"5":{"start":{"line":17,"column":34},"end":{"line":17,"column":46}},"6":{"start":{"line":18,"column":26},"end":{"line":18,"column":40}},"7":{"start":{"line":21,"column":22},"end":{"line":21,"column":30}},"8":{"start":{"line":24,"column":2},"end":{"line":35,"column":8}},"9":{"start":{"line":25,"column":27},"end":{"line":25,"column":75}},"10":{"start":{"line":26,"column":4},"end":{"line":33,"column":5}},"11":{"start":{"line":27,"column":19},"end":{"line":27,"column":45}},"12":{"start":{"line":28,"column":6},"end":{"line":28,"column":19}},"13":{"start":{"line":29,"column":6},"end":{"line":29,"column":38}},"14":{"start":{"line":30,"column":6},"end":{"line":32,"column":45}},"15":{"start":{"line":32,"column":26},"end":{"line":32,"column":44}},"16":{"start":{"line":37,"column":29},"end":{"line":56,"column":3}},"17":{"start":{"line":39,"column":17},"end":{"line":39,"column":51}},"18":{"start":{"line":39,"column":36},"end":{"line":39,"column":50}},"19":{"start":{"line":40,"column":24},"end":{"line":40,"column":63}},"20":{"start":{"line":42,"column":4},"end":{"line":46,"column":8}},"21":{"start":{"line":45,"column":8},"end":{"line":45,"column":69}},"22":{"start":{"line":45,"column":35},"end":{"line":45,"column":67}},"23":{"start":{"line":55,"column":4},"end":{"line":55,"column":63}},"24":{"start":{"line":59,"column":18},"end":{"line":66,"column":3}},"25":{"start":{"line":61,"column":4},"end":{"line":65,"column":8}},"26":{"start":{"line":64,"column":8},"end":{"line":64,"column":44}},"27":{"start":{"line":68,"column":22},"end":{"line":68,"column":85}},"28":{"start":{"line":68,"column":61},"end":{"line":68,"column":84}},"29":{"start":{"line":70,"column":22},"end":{"line":98,"column":3}},"30":{"start":{"line":71,"column":4},"end":{"line":71,"column":26}},"31":{"start":{"line":72,"column":4},"end":{"line":96,"column":5}},"32":{"start":{"line":73,"column":19},"end":{"line":75,"column":8}},"33":{"start":{"line":77,"column":6},"end":{"line":79,"column":7}},"34":{"start":{"line":81,"column":6},"end":{"line":81,"column":38}},"35":{"start":{"line":83,"column":6},"end":{"line":85,"column":45}},"36":{"start":{"line":85,"column":26},"end":{"line":85,"column":44}},"37":{"start":{"line":87,"column":6},"end":{"line":87,"column":39}},"38":{"start":{"line":88,"column":6},"end":{"line":88,"column":19}},"39":{"start":{"line":89,"column":6},"end":{"line":89,"column":21}},"40":{"start":{"line":90,"column":6},"end":{"line":90,"column":21}},"41":{"start":{"line":92,"column":6},"end":{"line":92,"column":42}},"42":{"start":{"line":93,"column":6},"end":{"line":95,"column":14}},"43":{"start":{"line":94,"column":8},"end":{"line":94,"column":29}},"44":{"start":{"line":97,"column":4},"end":{"line":97,"column":53}},"45":{"start":{"line":101,"column":19},"end":{"line":108,"column":3}},"46":{"start":{"line":102,"column":4},"end":{"line":107,"column":16}},"47":{"start":{"line":112,"column":2},"end":{"line":151,"column":3}},"48":{"start":{"line":137,"column":31},"end":{"line":137,"column":51}},"49":{"start":{"line":143,"column":10},"end":{"line":147,"column":12}},"50":{"start":{"line":146,"column":36},"end":{"line":146,"column":63}}},"fnMap":{"0":{"name":"(anonymous_0)","decl":{"start":{"line":11,"column":12},"end":{"line":11,"column":13}},"loc":{"start":{"line":11,"column":18},"end":{"line":153,"column":1}},"line":11},"1":{"name":"(anonymous_1)","decl":{"start":{"line":24,"column":12},"end":{"line":24,"column":13}},"loc":{"start":{"line":24,"column":18},"end":{"line":35,"column":3}},"line":24},"2":{"name":"(anonymous_2)","decl":{"start":{"line":32,"column":14},"end":{"line":32,"column":15}},"loc":{"start":{"line":32,"column":26},"end":{"line":32,"column":44}},"line":32},"3":{"name":"(anonymous_3)","decl":{"start":{"line":37,"column":29},"end":{"line":37,"column":30}},"loc":{"start":{"line":37,"column":35},"end":{"line":56,"column":3}},"line":37},"4":{"name":"(anonymous_4)","decl":{"start":{"line":39,"column":28},"end":{"line":39,"column":29}},"loc":{"start":{"line":39,"column":36},"end":{"line":39,"column":50}},"line":39},"5":{"name":"(anonymous_5)","decl":{"start":{"line":44,"column":12},"end":{"line":44,"column":13}},"loc":{"start":{"line":44,"column":24},"end":{"line":46,"column":7}},"line":44},"6":{"name":"(anonymous_6)","decl":{"start":{"line":45,"column":27},"end":{"line":45,"column":28}},"loc":{"start":{"line":45,"column":35},"end":{"line":45,"column":67}},"line":45},"7":{"name":"(anonymous_7)","decl":{"start":{"line":59,"column":18},"end":{"line":59,"column":19}},"loc":{"start":{"line":59,"column":34},"end":{"line":66,"column":3}},"line":59},"8":{"name":"(anonymous_8)","decl":{"start":{"line":63,"column":12},"end":{"line":63,"column":13}},"loc":{"start":{"line":63,"column":28},"end":{"line":65,"column":7}},"line":63},"9":{"name":"(anonymous_9)","decl":{"start":{"line":68,"column":53},"end":{"line":68,"column":54}},"loc":{"start":{"line":68,"column":61},"end":{"line":68,"column":84}},"line":68},"10":{"name":"(anonymous_10)","decl":{"start":{"line":70,"column":22},"end":{"line":70,"column":23}},"loc":{"start":{"line":70,"column":39},"end":{"line":98,"column":3}},"line":70},"11":{"name":"(anonymous_11)","decl":{"start":{"line":85,"column":14},"end":{"line":85,"column":15}},"loc":{"start":{"line":85,"column":26},"end":{"line":85,"column":44}},"line":85},"12":{"name":"(anonymous_12)","decl":{"start":{"line":93,"column":17},"end":{"line":93,"column":18}},"loc":{"start":{"line":93,"column":23},"end":{"line":95,"column":7}},"line":93},"13":{"name":"(anonymous_13)","decl":{"start":{"line":101,"column":19},"end":{"line":101,"column":20}},"loc":{"start":{"line":102,"column":4},"end":{"line":107,"column":16}},"line":102},"14":{"name":"(anonymous_14)","decl":{"start":{"line":137,"column":25},"end":{"line":137,"column":26}},"loc":{"start":{"line":137,"column":31},"end":{"line":137,"column":51}},"line":137},"15":{"name":"(anonymous_15)","decl":{"start":{"line":142,"column":25},"end":{"line":142,"column":26}},"loc":{"start":{"line":143,"column":10},"end":{"line":147,"column":12}},"line":143},"16":{"name":"(anonymous_16)","decl":{"start":{"line":146,"column":30},"end":{"line":146,"column":31}},"loc":{"start":{"line":146,"column":36},"end":{"line":146,"column":63}},"line":146}},"branchMap":{"0":{"loc":{"start":{"line":26,"column":4},"end":{"line":33,"column":5}},"type":"if","locations":[{"start":{"line":26,"column":4},"end":{"line":33,"column":5}},{"start":{"line":26,"column":4},"end":{"line":33,"column":5}}],"line":26},"1":{"loc":{"start":{"line":45,"column":35},"end":{"line":45,"column":67}},"type":"cond-expr","locations":[{"start":{"line":45,"column":52},"end":{"line":45,"column":56}},{"start":{"line":45,"column":59},"end":{"line":45,"column":67}}],"line":45},"2":{"loc":{"start":{"line":68,"column":22},"end":{"line":68,"column":85}},"type":"cond-expr","locations":[{"start":{"line":68,"column":32},"end":{"line":68,"column":37}},{"start":{"line":68,"column":40},"end":{"line":68,"column":85}}],"line":68},"3":{"loc":{"start":{"line":119,"column":7},"end":{"line":133,"column":14}},"type":"cond-expr","locations":[{"start":{"line":120,"column":8},"end":{"line":128,"column":20}},{"start":{"line":130,"column":8},"end":{"line":133,"column":14}}],"line":119},"4":{"loc":{"start":{"line":138,"column":16},"end":{"line":138,"column":45}},"type":"cond-expr","locations":[{"start":{"line":138,"column":26},"end":{"line":138,"column":37}},{"start":{"line":138,"column":40},"end":{"line":138,"column":45}}],"line":138}},"s":{"0":0,"1":0,"2":0,"3":0,"4":0,"5":0,"6":0,"7":0,"8":0,"9":0,"10":0,"11":0,"12":0,"13":0,"14":0,"15":0,"16":0,"17":0,"18":0,"19":0,"20":0,"21":0,"22":0,"23":0,"24":0,"25":0,"26":0,"27":0,"28":0,"29":0,"30":0,"31":0,"32":0,"33":0,"34":0,"35":0,"36":0,"37":0,"38":0,"39":0,"40":0,"41":0,"42":0,"43":0,"44":0,"45":0,"46":0,"47":0,"48":0,"49":0,"50":0},"f":{"0":0,"1":0,"2":0,"3":0,"4":0,"5":0,"6":0,"7":0,"8":0,"9":0,"10":0,"11":0,"12":0,"13":0,"14":0,"15":0,"16":0},"b":{"0":[0,0],"1":[0,0],"2":[0,0],"3":[0,0],"4":[0,0]}}
,"/home/gaurav/Documents/Practice/fs/notes/frontend/src/Content.js": {"path":"/home/gaurav/Documents/Practice/fs/notes/frontend/src/Content.js","statementMap":{"0":{"start":{"line":4,"column":16},"end":{"line":20,"column":1}},"1":{"start":{"line":5,"column":2},"end":{"line":5,"column":31}},"2":{"start":{"line":7,"column":13},"end":{"line":11,"column":4}},"3":{"start":{"line":8,"column":4},"end":{"line":10,"column":8}},"4":{"start":{"line":13,"column":2},"end":{"line":19,"column":3}},"5":{"start":{"line":16,"column":46},"end":{"line":16,"column":60}}},"fnMap":{"0":{"name":"(anonymous_0)","decl":{"start":{"line":4,"column":16},"end":{"line":4,"column":17}},"loc":{"start":{"line":4,"column":27},"end":{"line":20,"column":1}},"line":4},"1":{"name":"(anonymous_1)","decl":{"start":{"line":7,"column":29},"end":{"line":7,"column":30}},"loc":{"start":{"line":8,"column":4},"end":{"line":10,"column":8}},"line":8},"2":{"name":"(anonymous_2)","decl":{"start":{"line":16,"column":38},"end":{"line":16,"column":39}},"loc":{"start":{"line":16,"column":46},"end":{"line":16,"column":60}},"line":16}},"branchMap":{},"s":{"0":0,"1":0,"2":0,"3":0,"4":0,"5":0},"f":{"0":0,"1":0,"2":0},"b":{}}
,"/home/gaurav/Documents/Practice/fs/notes/frontend/src/Course.js": {"path":"/home/gaurav/Documents/Practice/fs/notes/frontend/src/Course.js","statementMap":{"0":{"start":{"line":5,"column":15},"end":{"line":16,"column":1}},"1":{"start":{"line":6,"column":2},"end":{"line":6,"column":30}},"2":{"start":{"line":8,"column":2},"end":{"line":15,"column":3}}},"fnMap":{"0":{"name":"(anonymous_0)","decl":{"start":{"line":5,"column":15},"end":{"line":5,"column":16}},"loc":{"start":{"line":5,"column":26},"end":{"line":16,"column":1}},"line":5}},"branchMap":{},"s":{"0":0,"1":0,"2":0},"f":{"0":0},"b":{}}
,"/home/gaurav/Documents/Practice/fs/notes/frontend/src/Header.js": {"path":"/home/gaurav/Documents/Practice/fs/notes/frontend/src/Header.js","statementMap":{"0":{"start":{"line":3,"column":15},"end":{"line":9,"column":1}},"1":{"start":{"line":4,"column":2},"end":{"line":4,"column":30}},"2":{"start":{"line":6,"column":2},"end":{"line":8,"column":3}}},"fnMap":{"0":{"name":"(anonymous_0)","decl":{"start":{"line":3,"column":15},"end":{"line":3,"column":16}},"loc":{"start":{"line":3,"column":26},"end":{"line":9,"column":1}},"line":3}},"branchMap":{},"s":{"0":0,"1":0,"2":0},"f":{"0":0},"b":{}}
,"/home/gaurav/Documents/Practice/fs/notes/frontend/src/Sum.js": {"path":"/home/gaurav/Documents/Practice/fs/notes/frontend/src/Sum.js","statementMap":{"0":{"start":{"line":3,"column":12},"end":{"line":10,"column":1}},"1":{"start":{"line":4,"column":12},"end":{"line":4,"column":51}},"2":{"start":{"line":4,"column":45},"end":{"line":4,"column":50}},"3":{"start":{"line":5,"column":2},"end":{"line":9,"column":3}}},"fnMap":{"0":{"name":"(anonymous_0)","decl":{"start":{"line":3,"column":12},"end":{"line":3,"column":13}},"loc":{"start":{"line":3,"column":23},"end":{"line":10,"column":1}},"line":3},"1":{"name":"(anonymous_1)","decl":{"start":{"line":4,"column":35},"end":{"line":4,"column":36}},"loc":{"start":{"line":4,"column":45},"end":{"line":4,"column":50}},"line":4}},"branchMap":{},"s":{"0":0,"1":0,"2":0,"3":0},"f":{"0":0,"1":0},"b":{}}
,"/home/gaurav/Documents/Practice/fs/notes/frontend/src/index.js": {"path":"/home/gaurav/Documents/Practice/fs/notes/frontend/src/index.js","statementMap":{"0":{"start":{"line":23,"column":0},"end":{"line":28,"column":1}}},"fnMap":{},"branchMap":{},"s":{"0":0},"f":{},"b":{}}
,"/home/gaurav/Documents/Practice/fs/notes/frontend/src/components/Filter.js": {"path":"/home/gaurav/Documents/Practice/fs/notes/frontend/src/components/Filter.js","statementMap":{"0":{"start":{"line":3,"column":15},"end":{"line":9,"column":1}},"1":{"start":{"line":4,"column":2},"end":{"line":8,"column":3}}},"fnMap":{"0":{"name":"(anonymous_0)","decl":{"start":{"line":3,"column":15},"end":{"line":3,"column":16}},"loc":{"start":{"line":3,"column":51},"end":{"line":9,"column":1}},"line":3}},"branchMap":{},"s":{"0":0,"1":0},"f":{"0":0},"b":{}}
,"/home/gaurav/Documents/Practice/fs/notes/frontend/src/components/LoginForm.js": {"path":"/home/gaurav/Documents/Practice/fs/notes/frontend/src/components/LoginForm.js","statementMap":{"0":{"start":{"line":4,"column":18},"end":{"line":33,"column":1}},"1":{"start":{"line":11,"column":2},"end":{"line":32,"column":9}},"2":{"start":{"line":18,"column":34},"end":{"line":18,"column":59}},"3":{"start":{"line":27,"column":34},"end":{"line":27,"column":59}},"4":{"start":{"line":35,"column":0},"end":{"line":41,"column":1}}},"fnMap":{"0":{"name":"(anonymous_0)","decl":{"start":{"line":4,"column":18},"end":{"line":4,"column":19}},"loc":{"start":{"line":11,"column":2},"end":{"line":32,"column":9}},"line":11},"1":{"name":"(anonymous_1)","decl":{"start":{"line":18,"column":18},"end":{"line":18,"column":19}},"loc":{"start":{"line":18,"column":34},"end":{"line":18,"column":59}},"line":18},"2":{"name":"(anonymous_2)","decl":{"start":{"line":27,"column":18},"end":{"line":27,"column":19}},"loc":{"start":{"line":27,"column":34},"end":{"line":27,"column":59}},"line":27}},"branchMap":{},"s":{"0":0,"1":0,"2":0,"3":0,"4":0},"f":{"0":0,"1":0,"2":0},"b":{}}
,"/home/gaurav/Documents/Practice/fs/notes/frontend/src/components/Note.js": {"path":"/home/gaurav/Documents/Practice/fs/notes/frontend/src/components/Note.js","statementMap":{"0":{"start":{"line":4,"column":13},"end":{"line":13,"column":1}},"1":{"start":{"line":5,"column":16},"end":{"line":6,"column":45}},"2":{"start":{"line":8,"column":2},"end":{"line":12,"column":3}}},"fnMap":{"0":{"name":"(anonymous_0)","decl":{"start":{"line":4,"column":13},"end":{"line":4,"column":14}},"loc":{"start":{"line":4,"column":45},"end":{"line":13,"column":1}},"line":4}},"branchMap":{"0":{"loc":{"start":{"line":5,"column":16},"end":{"line":6,"column":45}},"type":"cond-expr","locations":[{"start":{"line":6,"column":6},"end":{"line":6,"column":26}},{"start":{"line":6,"column":29},"end":{"line":6,"column":45}}],"line":5}},"s":{"0":1,"1":2,"2":2},"f":{"0":2},"b":{"0":[2,0]},"_coverageSchema":"1a1c01bbd47fc00a2c39e90264f33305004495a9","hash":"7fe22d07ac54835e13f3b71294a3ba96ec45e4b0"}
,"/home/gaurav/Documents/Practice/fs/notes/frontend/src/components/NoteForm.js": {"path":"/home/gaurav/Documents/Practice/fs/notes/frontend/src/components/NoteForm.js","statementMap":{"0":{"start":{"line":3,"column":17},"end":{"line":33,"column":1}},"1":{"start":{"line":4,"column":32},"end":{"line":4,"column":44}},"2":{"start":{"line":6,"column":23},"end":{"line":8,"column":3}},"3":{"start":{"line":7,"column":4},"end":{"line":7,"column":34}},"4":{"start":{"line":10,"column":18},"end":{"line":18,"column":3}},"5":{"start":{"line":11,"column":4},"end":{"line":11,"column":26}},"6":{"start":{"line":12,"column":4},"end":{"line":15,"column":6}},"7":{"start":{"line":17,"column":4},"end":{"line":17,"column":18}},"8":{"start":{"line":20,"column":2},"end":{"line":32,"column":3}}},"fnMap":{"0":{"name":"(anonymous_0)","decl":{"start":{"line":3,"column":17},"end":{"line":3,"column":18}},"loc":{"start":{"line":3,"column":37},"end":{"line":33,"column":1}},"line":3},"1":{"name":"(anonymous_1)","decl":{"start":{"line":6,"column":23},"end":{"line":6,"column":24}},"loc":{"start":{"line":6,"column":34},"end":{"line":8,"column":3}},"line":6},"2":{"name":"(anonymous_2)","decl":{"start":{"line":10,"column":18},"end":{"line":10,"column":19}},"loc":{"start":{"line":10,"column":29},"end":{"line":18,"column":3}},"line":10}},"branchMap":{},"s":{"0":1,"1":3,"2":3,"3":1,"4":3,"5":1,"6":1,"7":1,"8":3},"f":{"0":3,"1":1,"2":1},"b":{},"_coverageSchema":"1a1c01bbd47fc00a2c39e90264f33305004495a9","hash":"c67de5f914c627a60f3c0247f3882b0570639130"}
,"/home/gaurav/Documents/Practice/fs/notes/frontend/src/components/Notification.js": {"path":"/home/gaurav/Documents/Practice/fs/notes/frontend/src/components/Notification.js","statementMap":{"0":{"start":{"line":6,"column":2},"end":{"line":8,"column":3}},"1":{"start":{"line":7,"column":4},"end":{"line":7,"column":15}},"2":{"start":{"line":9,"column":2},"end":{"line":9,"column":41}},"3":{"start":{"line":26,"column":2},"end":{"line":30,"column":3}}},"fnMap":{"0":{"name":"Notification","decl":{"start":{"line":5,"column":24},"end":{"line":5,"column":36}},"loc":{"start":{"line":5,"column":57},"end":{"line":35,"column":1}},"line":5}},"branchMap":{"0":{"loc":{"start":{"line":6,"column":2},"end":{"line":8,"column":3}},"type":"if","locations":[{"start":{"line":6,"column":2},"end":{"line":8,"column":3}},{"start":{"line":6,"column":2},"end":{"line":8,"column":3}}],"line":6}},"s":{"0":0,"1":0,"2":0,"3":0},"f":{"0":0},"b":{"0":[0,0]}}
,"/home/gaurav/Documents/Practice/fs/notes/frontend/src/components/PersonForm.js": {"path":"/home/gaurav/Documents/Practice/fs/notes/frontend/src/components/PersonForm.js","statementMap":{"0":{"start":{"line":3,"column":19},"end":{"line":25,"column":1}},"1":{"start":{"line":4,"column":2},"end":{"line":24,"column":3}}},"fnMap":{"0":{"name":"(anonymous_0)","decl":{"start":{"line":3,"column":19},"end":{"line":3,"column":20}},"loc":{"start":{"line":3,"column":96},"end":{"line":25,"column":1}},"line":3}},"branchMap":{},"s":{"0":0,"1":0},"f":{"0":0},"b":{}}
,"/home/gaurav/Documents/Practice/fs/notes/frontend/src/components/Persons.js": {"path":"/home/gaurav/Documents/Practice/fs/notes/frontend/src/components/Persons.js","statementMap":{"0":{"start":{"line":3,"column":15},"end":{"line":9,"column":1}},"1":{"start":{"line":4,"column":2},"end":{"line":8,"column":3}}},"fnMap":{"0":{"name":"(anonymous_0)","decl":{"start":{"line":3,"column":15},"end":{"line":3,"column":16}},"loc":{"start":{"line":3,"column":31},"end":{"line":9,"column":1}},"line":3}},"branchMap":{},"s":{"0":0,"1":0},"f":{"0":0},"b":{}}
,"/home/gaurav/Documents/Practice/fs/notes/frontend/src/components/Togglable.js": {"path":"/home/gaurav/Documents/Practice/fs/notes/frontend/src/components/Togglable.js","statementMap":{"0":{"start":{"line":5,"column":18},"end":{"line":34,"column":2}},"1":{"start":{"line":6,"column":32},"end":{"line":6,"column":47}},"2":{"start":{"line":8,"column":26},"end":{"line":8,"column":60}},"3":{"start":{"line":9,"column":26},"end":{"line":9,"column":60}},"4":{"start":{"line":11,"column":27},"end":{"line":13,"column":3}},"5":{"start":{"line":12,"column":4},"end":{"line":12,"column":24}},"6":{"start":{"line":15,"column":2},"end":{"line":19,"column":4}},"7":{"start":{"line":16,"column":4},"end":{"line":18,"column":5}},"8":{"start":{"line":21,"column":2},"end":{"line":33,"column":3}},"9":{"start":{"line":36,"column":0},"end":{"line":36,"column":35}},"10":{"start":{"line":38,"column":0},"end":{"line":40,"column":1}}},"fnMap":{"0":{"name":"(anonymous_0)","decl":{"start":{"line":5,"column":35},"end":{"line":5,"column":36}},"loc":{"start":{"line":5,"column":51},"end":{"line":34,"column":1}},"line":5},"1":{"name":"(anonymous_1)","decl":{"start":{"line":11,"column":27},"end":{"line":11,"column":28}},"loc":{"start":{"line":11,"column":33},"end":{"line":13,"column":3}},"line":11},"2":{"name":"(anonymous_2)","decl":{"start":{"line":15,"column":27},"end":{"line":15,"column":28}},"loc":{"start":{"line":15,"column":33},"end":{"line":19,"column":3}},"line":15}},"branchMap":{"0":{"loc":{"start":{"line":8,"column":37},"end":{"line":8,"column":58}},"type":"cond-expr","locations":[{"start":{"line":8,"column":47},"end":{"line":8,"column":53}},{"start":{"line":8,"column":56},"end":{"line":8,"column":58}}],"line":8},"1":{"loc":{"start":{"line":9,"column":37},"end":{"line":9,"column":58}},"type":"cond-expr","locations":[{"start":{"line":9,"column":47},"end":{"line":9,"column":49}},{"start":{"line":9,"column":52},"end":{"line":9,"column":58}}],"line":9}},"s":{"0":1,"1":7,"2":7,"3":7,"4":7,"5":3,"6":7,"7":0,"8":7,"9":1,"10":1},"f":{"0":7,"1":3,"2":0},"b":{"0":[2,5],"1":[2,5]},"_coverageSchema":"1a1c01bbd47fc00a2c39e90264f33305004495a9","hash":"502651cccc0a3d73c2c5411a30d17a57eed007f9"}
,"/home/gaurav/Documents/Practice/fs/notes/frontend/src/services/login.js": {"path":"/home/gaurav/Documents/Practice/fs/notes/frontend/src/services/login.js","statementMap":{"0":{"start":{"line":2,"column":16},"end":{"line":2,"column":49}},"1":{"start":{"line":5,"column":14},"end":{"line":8,"column":1}},"2":{"start":{"line":6,"column":19},"end":{"line":6,"column":57}},"3":{"start":{"line":7,"column":2},"end":{"line":7,"column":22}}},"fnMap":{"0":{"name":"(anonymous_0)","decl":{"start":{"line":5,"column":14},"end":{"line":5,"column":15}},"loc":{"start":{"line":5,"column":35},"end":{"line":8,"column":1}},"line":5}},"branchMap":{},"s":{"0":0,"1":0,"2":0,"3":0},"f":{"0":0},"b":{}}
,"/home/gaurav/Documents/Practice/fs/notes/frontend/src/services/notes.js": {"path":"/home/gaurav/Documents/Practice/fs/notes/frontend/src/services/notes.js","statementMap":{"0":{"start":{"line":2,"column":16},"end":{"line":2,"column":49}},"1":{"start":{"line":5,"column":12},"end":{"line":5,"column":16}},"2":{"start":{"line":7,"column":17},"end":{"line":10,"column":1}},"3":{"start":{"line":8,"column":2},"end":{"line":8,"column":30}},"4":{"start":{"line":12,"column":15},"end":{"line":19,"column":1}},"5":{"start":{"line":13,"column":17},"end":{"line":15,"column":3}},"6":{"start":{"line":17,"column":18},"end":{"line":17,"column":44}},"7":{"start":{"line":18,"column":2},"end":{"line":18,"column":48}},"8":{"start":{"line":18,"column":34},"end":{"line":18,"column":47}},"9":{"start":{"line":30,"column":15},"end":{"line":39,"column":1}},"10":{"start":{"line":31,"column":17},"end":{"line":35,"column":3}},"11":{"start":{"line":37,"column":18},"end":{"line":37,"column":56}},"12":{"start":{"line":38,"column":2},"end":{"line":38,"column":48}},"13":{"start":{"line":38,"column":34},"end":{"line":38,"column":47}},"14":{"start":{"line":41,"column":15},"end":{"line":44,"column":1}},"15":{"start":{"line":42,"column":18},"end":{"line":42,"column":58}},"16":{"start":{"line":43,"column":2},"end":{"line":43,"column":48}},"17":{"start":{"line":43,"column":34},"end":{"line":43,"column":47}}},"fnMap":{"0":{"name":"(anonymous_0)","decl":{"start":{"line":7,"column":17},"end":{"line":7,"column":18}},"loc":{"start":{"line":7,"column":29},"end":{"line":10,"column":1}},"line":7},"1":{"name":"(anonymous_1)","decl":{"start":{"line":12,"column":15},"end":{"line":12,"column":16}},"loc":{"start":{"line":12,"column":21},"end":{"line":19,"column":1}},"line":12},"2":{"name":"(anonymous_2)","decl":{"start":{"line":18,"column":22},"end":{"line":18,"column":23}},"loc":{"start":{"line":18,"column":34},"end":{"line":18,"column":47}},"line":18},"3":{"name":"(anonymous_3)","decl":{"start":{"line":30,"column":15},"end":{"line":30,"column":16}},"loc":{"start":{"line":30,"column":30},"end":{"line":39,"column":1}},"line":30},"4":{"name":"(anonymous_4)","decl":{"start":{"line":38,"column":22},"end":{"line":38,"column":23}},"loc":{"start":{"line":38,"column":34},"end":{"line":38,"column":47}},"line":38},"5":{"name":"(anonymous_5)","decl":{"start":{"line":41,"column":15},"end":{"line":41,"column":16}},"loc":{"start":{"line":41,"column":34},"end":{"line":44,"column":1}},"line":41},"6":{"name":"(anonymous_6)","decl":{"start":{"line":43,"column":22},"end":{"line":43,"column":23}},"loc":{"start":{"line":43,"column":34},"end":{"line":43,"column":47}},"line":43}},"branchMap":{},"s":{"0":0,"1":0,"2":0,"3":0,"4":0,"5":0,"6":0,"7":0,"8":0,"9":0,"10":0,"11":0,"12":0,"13":0,"14":0,"15":0,"16":0,"17":0},"f":{"0":0,"1":0,"2":0,"3":0,"4":0,"5":0,"6":0},"b":{}}
}
